\BOOKMARK [1][-]{section*.2}{Contents}{}
\BOOKMARK [1][-]{section.1}{Module astrocalc\137s}{}
\BOOKMARK [2][-]{subsection.1.1}{Functions}{section.1}
\BOOKMARK [2][-]{subsection.1.2}{Variables}{section.1}
\BOOKMARK [1][-]{section.2}{Module astroplot\137s}{}
\BOOKMARK [2][-]{subsection.2.1}{Functions}{section.2}
\BOOKMARK [2][-]{subsection.2.2}{Variables}{section.2}
\BOOKMARK [2][-]{subsection.2.3}{Class dispes}{section.2}
\BOOKMARK [3][-]{subsubsection.2.3.1}{Methods}{subsection.2.3}
\BOOKMARK [3][-]{subsubsection.2.3.2}{Class Variables}{subsection.2.3}
\BOOKMARK [2][-]{subsection.2.4}{Class skypeaksky}{section.2}
\BOOKMARK [3][-]{subsubsection.2.4.1}{Methods}{subsection.2.4}
\BOOKMARK [3][-]{subsubsection.2.4.2}{Class Variables}{subsection.2.4}
\BOOKMARK [1][-]{section.3}{Module spectro\137metria}{}
\BOOKMARK [2][-]{subsection.3.1}{Class spect}{section.3}
\BOOKMARK [3][-]{subsubsection.3.1.1}{Methods}{subsection.3.1}
\BOOKMARK [3][-]{subsubsection.3.1.2}{Class Variables}{subsection.3.1}
\BOOKMARK [1][-]{section.4}{Module spectro\137metria\137g}{}
\BOOKMARK [2][-]{subsection.4.1}{Class spect}{section.4}
\BOOKMARK [3][-]{subsubsection.4.1.1}{Methods}{subsection.4.1}
\BOOKMARK [3][-]{subsubsection.4.1.2}{Class Variables}{subsection.4.1}
\BOOKMARK [1][-]{section*.4}{Index}{}
